2014-02-19 17:46:08.349 Haruka[10127:80b] Multi-tasking -> Device: YES, App: YES
2014-02-19 17:46:08.430 Haruka[10127:80b] Unlimited access to network resources
2014-02-19 17:46:08.909 Haruka[10127:80b] Resetting plugins due to page load.
2014-02-19 17:46:09.082 Haruka[10127:80b] Finished load of: file:///Users/inoccu/Library/Application%20Support/iPhone%20Simulator/7.0.3/Applications/1E631486-EB82-4AB5-B397-353C3300C29A/Haruka.app/www/index.html
2014-02-19 18:23:42.055 Haruka[14566:80b] Multi-tasking -> Device: YES, App: YES
2014-02-19 18:23:42.077 Haruka[14566:80b] Unlimited access to network resources
2014-02-19 18:23:42.130 Haruka[14566:80b] [CDVTimer][splashscreen] 18.153012ms
2014-02-19 18:23:42.131 Haruka[14566:80b] [CDVTimer][TotalPluginStartup] 19.217014ms
2014-02-19 18:23:42.370 Haruka[14566:80b] Resetting plugins due to page load.
2014-02-19 18:23:42.559 Haruka[14566:80b] Finished load of: file:///Users/inoccu/Library/Application%20Support/iPhone%20Simulator/7.0.3/Applications/1E631486-EB82-4AB5-B397-353C3300C29A/Haruka.app/www/index.html
2014-02-19 18:25:53.041 Haruka[15749:80b] Multi-tasking -> Device: YES, App: YES
2014-02-19 18:25:53.066 Haruka[15749:80b] Unlimited access to network resources
2014-02-19 18:25:53.123 Haruka[15749:80b] [CDVTimer][splashscreen] 27.597964ms
2014-02-19 18:25:53.124 Haruka[15749:80b] [CDVTimer][TotalPluginStartup] 28.677046ms
2014-02-19 18:25:53.420 Haruka[15749:80b] Resetting plugins due to page load.
2014-02-19 18:25:53.512 Haruka[15749:80b] Finished load of: file:///Users/inoccu/Library/Application%20Support/iPhone%20Simulator/7.0.3/Applications/1E631486-EB82-4AB5-B397-353C3300C29A/Haruka.app/www/index.html
2014-02-19 18:42:06.281 Haruka[17936:80b] Multi-tasking -> Device: YES, App: YES
2014-02-19 18:42:06.302 Haruka[17936:80b] Unlimited access to network resources
2014-02-19 18:42:06.346 Haruka[17936:80b] [CDVTimer][splashscreen] 11.934996ms
2014-02-19 18:42:06.347 Haruka[17936:80b] [CDVTimer][TotalPluginStartup] 12.596011ms
2014-02-19 18:42:06.644 Haruka[17936:80b] Resetting plugins due to page load.
2014-02-19 18:42:07.098 Haruka[17936:80b] Finished load of: file:///Users/inoccu/Library/Application%20Support/iPhone%20Simulator/7.0.3/Applications/1E631486-EB82-4AB5-B397-353C3300C29A/Haruka.app/www/index.html
2014-02-19 18:47:10.001 Haruka[20357:80b] Multi-tasking -> Device: YES, App: YES
2014-02-19 18:47:10.023 Haruka[20357:80b] Unlimited access to network resources
2014-02-19 18:47:10.066 Haruka[20357:80b] [CDVTimer][splashscreen] 13.001025ms
2014-02-19 18:47:10.067 Haruka[20357:80b] [CDVTimer][TotalPluginStartup] 13.638020ms
2014-02-19 18:47:10.361 Haruka[20357:80b] Resetting plugins due to page load.
2014-02-19 18:47:10.777 Haruka[20357:80b] Finished load of: file:///Users/inoccu/Library/Application%20Support/iPhone%20Simulator/7.0.3/Applications/1E631486-EB82-4AB5-B397-353C3300C29A/Haruka.app/www/index.html
2014-02-19 18:49:52.898 Haruka[23622:80b] Multi-tasking -> Device: YES, App: YES
2014-02-19 18:49:52.920 Haruka[23622:80b] Unlimited access to network resources
2014-02-19 18:49:53.015 Haruka[23622:80b] [CDVTimer][splashscreen] 67.295969ms
2014-02-19 18:49:53.016 Haruka[23622:80b] [CDVTimer][TotalPluginStartup] 67.933977ms
2014-02-19 18:49:53.205 Haruka[23622:80b] Resetting plugins due to page load.
2014-02-19 18:49:53.757 Haruka[23622:80b] Finished load of: file:///Users/inoccu/Library/Application%20Support/iPhone%20Simulator/7.0.3/Applications/7B68C686-61CE-4412-BF8D-6B3EF5AD0C0C/Haruka.app/www/index.html
2014-02-19 19:09:26.423 Haruka[26048:80b] Multi-tasking -> Device: YES, App: YES
2014-02-19 19:09:26.446 Haruka[26048:80b] Unlimited access to network resources
2014-02-19 19:09:26.491 Haruka[26048:80b] [CDVTimer][splashscreen] 13.049006ms
2014-02-19 19:09:26.492 Haruka[26048:80b] [CDVTimer][TotalPluginStartup] 13.684988ms
2014-02-19 19:09:26.732 Haruka[26048:80b] Resetting plugins due to page load.
2014-02-19 19:09:27.202 Haruka[26048:80b] Finished load of: file:///Users/inoccu/Library/Application%20Support/iPhone%20Simulator/7.0.3/Applications/7B68C686-61CE-4412-BF8D-6B3EF5AD0C0C/Haruka.app/www/index.html
2014-02-19 19:11:24.966 Haruka[27236:80b] Multi-tasking -> Device: YES, App: YES
2014-02-19 19:11:24.987 Haruka[27236:80b] Unlimited access to network resources
2014-02-19 19:11:25.046 Haruka[27236:80b] [CDVTimer][splashscreen] 26.381016ms
2014-02-19 19:11:25.047 Haruka[27236:80b] [CDVTimer][TotalPluginStartup] 27.060986ms
2014-02-19 19:11:25.335 Haruka[27236:80b] Resetting plugins due to page load.
2014-02-19 19:11:26.025 Haruka[27236:80b] Finished load of: file:///Users/inoccu/Library/Application%20Support/iPhone%20Simulator/7.0.3/Applications/7B68C686-61CE-4412-BF8D-6B3EF5AD0C0C/Haruka.app/www/index.html
2014-02-19 19:13:13.393 Haruka[29431:80b] Multi-tasking -> Device: YES, App: YES
2014-02-19 19:13:13.415 Haruka[29431:80b] Unlimited access to network resources
2014-02-19 19:13:13.590 Haruka[29431:80b] [CDVTimer][splashscreen] 31.692982ms
2014-02-19 19:13:13.591 Haruka[29431:80b] [CDVTimer][TotalPluginStartup] 32.300949ms
2014-02-19 19:13:13.871 Haruka[29431:80b] Resetting plugins due to page load.
2014-02-19 19:13:14.299 Haruka[29431:80b] Finished load of: file:///Users/inoccu/Library/Application%20Support/iPhone%20Simulator/7.0.3/Applications/7B68C686-61CE-4412-BF8D-6B3EF5AD0C0C/Haruka.app/www/index.html
2014-02-19 19:15:04.115 Haruka[30600:80b] Multi-tasking -> Device: YES, App: YES
2014-02-19 19:15:04.136 Haruka[30600:80b] Unlimited access to network resources
2014-02-19 19:15:04.188 Haruka[30600:80b] [CDVTimer][splashscreen] 23.571014ms
2014-02-19 19:15:04.189 Haruka[30600:80b] [CDVTimer][TotalPluginStartup] 24.210989ms
2014-02-19 19:15:04.424 Haruka[30600:80b] Resetting plugins due to page load.
2014-02-19 19:15:16.230 Haruka[30600:3f03] void SendDelegateMessage(NSInvocation *): delegate (webView:runJavaScriptAlertPanelWithMessage:initiatedByFrame:) failed to return after waiting 10 seconds. main run loop mode: kCFRunLoopDefaultMode
2014-02-19 19:15:16.585 Haruka[30600:80b] Finished load of: file:///Users/inoccu/Library/Application%20Support/iPhone%20Simulator/7.0.3/Applications/7B68C686-61CE-4412-BF8D-6B3EF5AD0C0C/Haruka.app/www/index.html
2014-02-19 19:20:03.573 Haruka[34064:80b] Multi-tasking -> Device: YES, App: YES
2014-02-19 19:20:03.596 Haruka[34064:80b] Unlimited access to network resources
2014-02-19 19:20:03.644 Haruka[34064:80b] [CDVTimer][splashscreen] 18.576980ms
2014-02-19 19:20:03.647 Haruka[34064:80b] [CDVTimer][TotalPluginStartup] 21.115005ms
2014-02-19 19:20:03.932 Haruka[34064:80b] Resetting plugins due to page load.
2014-02-19 19:20:36.454 Haruka[34064:4003] void SendDelegateMessage(NSInvocation *): delegate (webView:runJavaScriptAlertPanelWithMessage:initiatedByFrame:) failed to return after waiting 10 seconds. main run loop mode: kCFRunLoopDefaultMode
2014-02-19 19:20:36.718 Haruka[34064:80b] Finished load of: file:///Users/inoccu/Library/Application%20Support/iPhone%20Simulator/7.0.3/Applications/7B68C686-61CE-4412-BF8D-6B3EF5AD0C0C/Haruka.app/www/index.html
2014-02-19 19:22:28.264 Haruka[35279:80b] Multi-tasking -> Device: YES, App: YES
2014-02-19 19:22:28.286 Haruka[35279:80b] Unlimited access to network resources
2014-02-19 19:22:28.333 Haruka[35279:80b] [CDVTimer][splashscreen] 13.285995ms
2014-02-19 19:22:28.334 Haruka[35279:80b] [CDVTimer][TotalPluginStartup] 14.084995ms
2014-02-19 19:22:28.570 Haruka[35279:80b] Resetting plugins due to page load.
2014-02-19 19:22:29.050 Haruka[35279:80b] Finished load of: file:///Users/inoccu/Library/Application%20Support/iPhone%20Simulator/7.0.3/Applications/7B68C686-61CE-4412-BF8D-6B3EF5AD0C0C/Haruka.app/www/index.html
2014-02-19 19:23:35.604 Haruka[36394:80b] Multi-tasking -> Device: YES, App: YES
2014-02-19 19:23:35.626 Haruka[36394:80b] Unlimited access to network resources
2014-02-19 19:23:35.677 Haruka[36394:80b] [CDVTimer][splashscreen] 16.016006ms
2014-02-19 19:23:35.678 Haruka[36394:80b] [CDVTimer][TotalPluginStartup] 16.664028ms
2014-02-19 19:23:35.929 Haruka[36394:80b] Resetting plugins due to page load.
2014-02-19 19:23:36.498 Haruka[36394:80b] Finished load of: file:///Users/inoccu/Library/Application%20Support/iPhone%20Simulator/7.0.3/Applications/7B68C686-61CE-4412-BF8D-6B3EF5AD0C0C/Haruka.app/www/index.html
2014-02-19 19:24:50.360 Haruka[37516:80b] Multi-tasking -> Device: YES, App: YES
2014-02-19 19:24:50.382 Haruka[37516:80b] Unlimited access to network resources
2014-02-19 19:24:50.423 Haruka[37516:80b] [CDVTimer][splashscreen] 11.878014ms
2014-02-19 19:24:50.423 Haruka[37516:80b] [CDVTimer][TotalPluginStartup] 12.515008ms
2014-02-19 19:24:50.672 Haruka[37516:80b] Resetting plugins due to page load.
2014-02-19 19:24:51.113 Haruka[37516:80b] Finished load of: file:///Users/inoccu/Library/Application%20Support/iPhone%20Simulator/7.0.3/Applications/7B68C686-61CE-4412-BF8D-6B3EF5AD0C0C/Haruka.app/www/index.html
2014-02-19 19:25:26.933 Haruka[38582:80b] Multi-tasking -> Device: YES, App: YES
2014-02-19 19:25:26.954 Haruka[38582:80b] Unlimited access to network resources
2014-02-19 19:25:26.996 Haruka[38582:80b] [CDVTimer][splashscreen] 12.037992ms
2014-02-19 19:25:26.997 Haruka[38582:80b] [CDVTimer][TotalPluginStartup] 12.816012ms
2014-02-19 19:25:27.243 Haruka[38582:80b] Resetting plugins due to page load.
2014-02-19 19:25:27.864 Haruka[38582:80b] Finished load of: file:///Users/inoccu/Library/Application%20Support/iPhone%20Simulator/7.0.3/Applications/7B68C686-61CE-4412-BF8D-6B3EF5AD0C0C/Haruka.app/www/index.html
2014-02-19 20:11:14.625 Haruka[42868:80b] Multi-tasking -> Device: YES, App: YES
2014-02-19 20:11:14.648 Haruka[42868:80b] Unlimited access to network resources
2014-02-19 20:11:14.701 Haruka[42868:80b] [CDVTimer][splashscreen] 24.325013ms
2014-02-19 20:11:14.707 Haruka[42868:80b] [CDVTimer][TotalPluginStartup] 30.024052ms
2014-02-19 20:11:15.075 Haruka[42868:80b] Resetting plugins due to page load.
2014-02-19 20:11:16.608 Haruka[42868:80b] Finished load of: file:///Users/inoccu/Library/Application%20Support/iPhone%20Simulator/7.0.3/Applications/7B68C686-61CE-4412-BF8D-6B3EF5AD0C0C/Haruka.app/www/index.html
2014-02-19 20:11:21.258 Haruka[42868:80b] Camera.getPicture: source type 1 not available.
2014-02-19 20:11:23.458 Haruka[42868:80b] THREAD WARNING: ['Camera'] took '2206.093018' ms. Plugin should use a background thread.
2014-02-19 20:11:39.018 Haruka[42868:80b] Camera.getPicture: source type 1 not available.
2014-02-19 20:11:40.767 Haruka[42868:80b] THREAD WARNING: ['Camera'] took '1748.687988' ms. Plugin should use a background thread.
Terminating in response to SpringBoard's termination.
